Using pre-set license
Built from '2021.1/staging' branch; Version is '2021.1.6f1 (c0fade0cc7e9) revision 12647134'; Using compiler version '192528614'; Build Type 'Release'
OS: 'Windows 10 Pro; OS build 19042.985; Version 2009; 64bit' Language: 'ru' Physical Memory: 16317 MB
BatchMode: 1, IsHumanControllingUs: 0, StartBugReporterOnCrash: 0, Is64bit: 1, IsPro: 0

 COMMAND LINE ARGUMENTS:
C:\Program Files\Unity\Hub\Editor\2021.1.6f1\Editor\Unity.exe
-adb2
-batchMode
-noUpm
-name
AssetImportWorker0
-projectPath
C:/Users/imgol/Documents/GitHub/1
-logFile
Logs/AssetImportWorker0.log
-srvPort
57229
Successfully changed project path to: C:/Users/imgol/Documents/GitHub/1
C:/Users/imgol/Documents/GitHub/1
Using Asset Import Pipeline V2.
Refreshing native plugins compatible for Editor in 82.81 ms, found 1 plugins.
Preloading 0 native plugins for Editor in 0.00 ms.
Initialize engine version: 2021.1.6f1 (c0fade0cc7e9)
[Subsystems] Discovering subsystems at path C:/Program Files/Unity/Hub/Editor/2021.1.6f1/Editor/Data/Resources/UnitySubsystems
[Subsystems] Discovering subsystems at path C:/Users/imgol/Documents/GitHub/1/Assets
GfxDevice: creating device client; threaded=0; jobified=0
Direct3D:
    Version:  Direct3D 11.0 [level 11.1]
    Renderer: NVIDIA GeForce GTX 960 (ID=0x1401)
    Vendor:   NVIDIA
    VRAM:     2007 MB
    Driver:   27.21.14.6079
Initialize mono
Mono path[0] = 'C:/Program Files/Unity/Hub/Editor/2021.1.6f1/Editor/Data/Managed'
Mono path[1] = 'C:/Program Files/Unity/Hub/Editor/2021.1.6f1/Editor/Data/MonoBleedingEdge/lib/mono/unityjit'
Mono config path = 'C:/Program Files/Unity/Hub/Editor/2021.1.6f1/Editor/Data/MonoBleedingEdge/etc'
Using monoOptions --debugger-agent=transport=dt_socket,embedding=1,server=y,suspend=n,address=127.0.0.1:56004
Begin MonoManager ReloadAssembly
Registering precompiled unity dll's ...
Register platform support module: C:/Program Files/Unity/Hub/Editor/2021.1.6f1/Editor/Data/PlaybackEngines/WindowsStandaloneSupport/UnityEditor.WindowsStandalone.Extensions.dll
Registered in 0.002939 seconds.
Native extension for WindowsStandalone target not found
Refreshing native plugins compatible for Editor in 72.04 ms, found 1 plugins.
Preloading 0 native plugins for Editor in 0.00 ms.
Mono: successfully reloaded assembly
- Completed reload, in  1.298 seconds
Platform modules already initialized, skipping
Registering precompiled user dll's ...
Registered in 0.005973 seconds.
Begin MonoManager ReloadAssembly
Native extension for WindowsStandalone target not found
Refreshing native plugins compatible for Editor in 76.42 ms, found 1 plugins.
Preloading 0 native plugins for Editor in 0.00 ms.
Mono: successfully reloaded assembly
- Completed reload, in  1.968 seconds
Platform modules already initialized, skipping
========================================================================
Worker process is ready to serve import requests
Launched and connected shader compiler UnityShaderCompiler.exe after 0.04 seconds
Refreshing native plugins compatible for Editor in 0.89 ms, found 1 plugins.
Preloading 0 native plugins for Editor in 0.00 ms.
Unloading 2643 Unused Serialized files (Serialized files now loaded: 0)
System memory in use before: 131.4 MB.
System memory in use after: 131.3 MB.

Unloading 64 unused Assets to reduce memory usage. Loaded Objects now: 3070.
Total: 6.864900 ms (FindLiveObjects: 0.280800 ms CreateObjectMapping: 0.244500 ms MarkObjects: 6.086900 ms  DeleteObjects: 0.251400 ms)

========================================================================
Received Import Request.
  path: Assets/noname
  artifactKey: Guid(6746ba4841ba8ac4bb2210224ff766cb) Importer(815301076,1909f56bfc062723c751e8b465ee728b)
Start importing Assets/noname using Guid(6746ba4841ba8ac4bb2210224ff766cb) Importer(815301076,1909f56bfc062723c751e8b465ee728b)  -> (artifact id: '27112007c9816b3106bee0de4cc66644') in 0.005612 seconds 
========================================================================
Received Import Request.
  Time since last request: 22.205025 seconds.
  path: Assets/noname/Input
  artifactKey: Guid(d6b4433ab7e60944f8df8c9f92df7e6b) Importer(815301076,1909f56bfc062723c751e8b465ee728b)
Start importing Assets/noname/Input using Guid(d6b4433ab7e60944f8df8c9f92df7e6b) Importer(815301076,1909f56bfc062723c751e8b465ee728b)  -> (artifact id: '765962fa5d24e07e096f1399897250b1') in 0.002414 seconds 
========================================================================
Received Import Request.
  Time since last request: 0.608442 seconds.
  path: Assets/noname/Input/FPSPlayerInputActions.inputactions
  artifactKey: Guid(77b3cef930f53497fa86a02fe6c7f145) Importer(815301076,1909f56bfc062723c751e8b465ee728b)
Start importing Assets/noname/Input/FPSPlayerInputActions.inputactions using Guid(77b3cef930f53497fa86a02fe6c7f145) Importer(815301076,1909f56bfc062723c751e8b465ee728b)  -> (artifact id: '872a8b8a48ccd1bba60fdba7a81b7069') in 0.037487 seconds 
========================================================================
Received Import Request.
  Time since last request: 4.725762 seconds.
  path: Assets/noname/Input/FPSPlayerInputActions.cs
  artifactKey: Guid(b0d62386793014275b4e214b4afdf539) Importer(815301076,1909f56bfc062723c751e8b465ee728b)
Start importing Assets/noname/Input/FPSPlayerInputActions.cs using Guid(b0d62386793014275b4e214b4afdf539) Importer(815301076,1909f56bfc062723c751e8b465ee728b)  -> (artifact id: '86bfd8cc902090157b049cf965056d8e') in 0.004995 seconds 
========================================================================
Received Import Request.
  Time since last request: 0.596516 seconds.
  path: Assets/noname/Input/FPSAgentInput.cs
  artifactKey: Guid(8895a539297b24544aba7209546d2e36) Importer(815301076,1909f56bfc062723c751e8b465ee728b)
Start importing Assets/noname/Input/FPSAgentInput.cs using Guid(8895a539297b24544aba7209546d2e36) Importer(815301076,1909f56bfc062723c751e8b465ee728b)  -> (artifact id: 'f4e028176aced13ac60500480ffe0238') in 0.001751 seconds 
========================================================================
Received Import Request.
  Time since last request: 13.048156 seconds.
  path: Assets/Scenes
  artifactKey: Guid(d23a64a22ec497a4a8b68413a0f000f3) Importer(815301076,1909f56bfc062723c751e8b465ee728b)
Start importing Assets/Scenes using Guid(d23a64a22ec497a4a8b68413a0f000f3) Importer(815301076,1909f56bfc062723c751e8b465ee728b)  -> (artifact id: 'cd0299c4c87c736a7f3a38bca12e46a6') in 0.001948 seconds 
========================================================================
Received Prepare
Registering precompiled user dll's ...
Registered in 0.005989 seconds.
Begin MonoManager ReloadAssembly
Native extension for WindowsStandalone target not found
Refreshing native plugins compatible for Editor in 0.94 ms, found 1 plugins.
Preloading 0 native plugins for Editor in 0.00 ms.
Mono: successfully reloaded assembly
- Completed reload, in  1.306 seconds
Platform modules already initialized, skipping
Refreshing native plugins compatible for Editor in 0.87 ms, found 1 plugins.
Preloading 0 native plugins for Editor in 0.00 ms.
Unloading 2587 Unused Serialized files (Serialized files now loaded: 0)
System memory in use before: 126.4 MB.
System memory in use after: 126.3 MB.

Unloading 55 unused Assets to reduce memory usage. Loaded Objects now: 3073.
Total: 6.517100 ms (FindLiveObjects: 0.237500 ms CreateObjectMapping: 0.107300 ms MarkObjects: 5.952800 ms  DeleteObjects: 0.218200 ms)

========================================================================
Received Import Request.
  Time since last request: 77.622075 seconds.
  path: Assets/noname/Scripts
  artifactKey: Guid(0f1b7590328a8444cbec2c46a73d78f0) Importer(815301076,1909f56bfc062723c751e8b465ee728b)
Start importing Assets/noname/Scripts using Guid(0f1b7590328a8444cbec2c46a73d78f0) Importer(815301076,1909f56bfc062723c751e8b465ee728b)  -> (artifact id: '91add01208d020edf476e61398d8569b') in 0.006359 seconds 
========================================================================
Received Prepare
Registering precompiled user dll's ...
Registered in 0.006098 seconds.
Begin MonoManager ReloadAssembly
Native extension for WindowsStandalone target not found
Refreshing native plugins compatible for Editor in 75.13 ms, found 1 plugins.
Preloading 0 native plugins for Editor in 0.00 ms.
Mono: successfully reloaded assembly
- Completed reload, in  1.531 seconds
Platform modules already initialized, skipping
Script is not up to date after domain reload: guid(b0d62386793014275b4e214b4afdf539) path("Assets/noname/Input/FPSPlayerInputActions.cs") state(2)
Refreshing native plugins compatible for Editor in 0.95 ms, found 1 plugins.
Preloading 0 native plugins for Editor in 0.00 ms.
Unloading 2904 Unused Serialized files (Serialized files now loaded: 0)
System memory in use before: 137.4 MB.
System memory in use after: 137.4 MB.

Unloading 55 unused Assets to reduce memory usage. Loaded Objects now: 3395.
Total: 6.234900 ms (FindLiveObjects: 0.234900 ms CreateObjectMapping: 0.124900 ms MarkObjects: 5.677500 ms  DeleteObjects: 0.196400 ms)

========================================================================
Received Prepare
Registering precompiled user dll's ...
Registered in 0.005989 seconds.
Begin MonoManager ReloadAssembly
Native extension for WindowsStandalone target not found
Refreshing native plugins compatible for Editor in 1.09 ms, found 1 plugins.
Preloading 0 native plugins for Editor in 0.00 ms.
Mono: successfully reloaded assembly
- Completed reload, in  1.377 seconds
Platform modules already initialized, skipping
Refreshing native plugins compatible for Editor in 0.97 ms, found 1 plugins.
Preloading 0 native plugins for Editor in 0.00 ms.
Unloading 2905 Unused Serialized files (Serialized files now loaded: 0)
System memory in use before: 137.7 MB.
System memory in use after: 137.6 MB.

Unloading 56 unused Assets to reduce memory usage. Loaded Objects now: 3399.
Total: 6.868600 ms (FindLiveObjects: 0.305600 ms CreateObjectMapping: 0.336800 ms MarkObjects: 5.997000 ms  DeleteObjects: 0.228200 ms)

========================================================================
Received Prepare
Registering precompiled user dll's ...
Registered in 0.007995 seconds.
Begin MonoManager ReloadAssembly
Native extension for WindowsStandalone target not found
Refreshing native plugins compatible for Editor in 1.26 ms, found 1 plugins.
Preloading 0 native plugins for Editor in 0.00 ms.
Mono: successfully reloaded assembly
- Completed reload, in  1.776 seconds
Platform modules already initialized, skipping
Refreshing native plugins compatible for Editor in 1.43 ms, found 1 plugins.
Preloading 0 native plugins for Editor in 0.00 ms.
Unloading 2905 Unused Serialized files (Serialized files now loaded: 0)
System memory in use before: 137.7 MB.
System memory in use after: 137.6 MB.

Unloading 56 unused Assets to reduce memory usage. Loaded Objects now: 3402.
Total: 7.870200 ms (FindLiveObjects: 0.511500 ms CreateObjectMapping: 0.219000 ms MarkObjects: 6.922500 ms  DeleteObjects: 0.215600 ms)

========================================================================
Received Import Request.
  Time since last request: 77.562745 seconds.
  path: Assets/noname/FPSAgent_AI.prefab
  artifactKey: Guid(255a8b892759b6646998e9558ca6b797) Importer(815301076,1909f56bfc062723c751e8b465ee728b)
Start importing Assets/noname/FPSAgent_AI.prefab using Guid(255a8b892759b6646998e9558ca6b797) Importer(815301076,1909f56bfc062723c751e8b465ee728b)  -> (artifact id: '6ad13a8a4ef7bfa7ce9bfc7ff0f923da') in 0.134880 seconds 
========================================================================
Received Prepare
Registering precompiled user dll's ...
Registered in 0.006601 seconds.
Begin MonoManager ReloadAssembly
Native extension for WindowsStandalone target not found
Refreshing native plugins compatible for Editor in 0.91 ms, found 1 plugins.
Preloading 0 native plugins for Editor in 0.00 ms.
Mono: successfully reloaded assembly
- Completed reload, in  1.315 seconds
Platform modules already initialized, skipping
Refreshing native plugins compatible for Editor in 0.97 ms, found 1 plugins.
Preloading 0 native plugins for Editor in 0.00 ms.
Unloading 2905 Unused Serialized files (Serialized files now loaded: 0)
System memory in use before: 141.5 MB.
System memory in use after: 141.4 MB.

Unloading 56 unused Assets to reduce memory usage. Loaded Objects now: 3416.
Total: 6.949500 ms (FindLiveObjects: 0.275700 ms CreateObjectMapping: 0.230400 ms MarkObjects: 6.218900 ms  DeleteObjects: 0.223500 ms)

AssetImportWorkerClient::OnTransportError - code=2 error=End of file
